<?xml version="1.0" encoding="UTF-8"?>
<testsuite name="com.example.project.TestUser" tests="2" skipped="0" failures="0" errors="0" timestamp="2025-01-21T17:36:04" hostname="codespaces-fe7886" time="0.094">
  <properties/>
  <testcase name="testUserConstructor()" classname="com.example.project.TestUser" time="0.085"/>
  <testcase name="testUserInfo()" classname="com.example.project.TestUser" time="0.003"/>
  <system-out><![CDATA[]]></system-out>
  <system-err><![CDATA[]]></system-err>
</testsuite>
